TN:
SF:C:\Users\Waksu\source\repos\SqlDatabaseManager\SqlDatabaseManager.Web\Angular\src\polyfills.ts
FNF:0
FNH:0
LF:0
LH:0
BRF:0
BRH:0
end_of_record
TN:
SF:C:\Users\Waksu\source\repos\SqlDatabaseManager\SqlDatabaseManager.Web\Angular\src\test.ts
FNF:0
FNH:0
DA:13,1
DA:18,1
DA:20,1
LF:3
LH:3
BRF:0
BRH:0
end_of_record
TN:
SF:C:\Users\Waksu\source\repos\SqlDatabaseManager\SqlDatabaseManager.Web\Angular\src\app\app.component.ts
FN:3,(anonymous_0)
FNF:1
FNH:1
FNDA:3,(anonymous_0)
DA:8,1
DA:9,3
LF:2
LH:2
BRF:0
BRH:0
end_of_record
TN:
SF:C:\Users\Waksu\source\repos\SqlDatabaseManager\SqlDatabaseManager.Web\Angular\src\app\authentication\authentication.service.ts
FN:9,(anonymous_0)
FN:13,(anonymous_1)
FN:17,(anonymous_2)
FNF:3
FNH:0
FNDA:0,(anonymous_0)
FNDA:0,(anonymous_1)
FNDA:0,(anonymous_2)
DA:3,1
DA:8,1
DA:10,0
DA:14,0
DA:18,0
LF:5
LH:2
BRF:0
BRH:0
end_of_record
TN:
SF:C:\Users\Waksu\source\repos\SqlDatabaseManager\SqlDatabaseManager.Web\Angular\src\app\connection\connection.service.ts
FN:15,(anonymous_0)
FN:17,(anonymous_1)
FN:19,(anonymous_2)
FN:23,(anonymous_3)
FN:28,(anonymous_4)
FNF:5
FNH:0
FNDA:0,(anonymous_0)
FNDA:0,(anonymous_1)
FNDA:0,(anonymous_2)
FNDA:0,(anonymous_3)
FNDA:0,(anonymous_4)
DA:14,1
DA:15,0
DA:18,0
DA:19,0
DA:24,0
DA:25,0
DA:27,0
DA:28,0
LF:8
LH:1
BRF:0
BRH:0
end_of_record
TN:
SF:C:\Users\Waksu\source\repos\SqlDatabaseManager\SqlDatabaseManager.Web\Angular\src\app\connection\login\login.component.ts
FN:18,(anonymous_0)
FN:20,(anonymous_1)
FN:24,(anonymous_2)
FN:26,(anonymous_3)
FN:30,(anonymous_4)
FNF:5
FNH:0
FNDA:0,(anonymous_0)
FNDA:0,(anonymous_1)
FNDA:0,(anonymous_2)
FNDA:0,(anonymous_3)
FNDA:0,(anonymous_4)
DA:14,1
DA:18,0
DA:21,0
DA:25,0
DA:26,0
DA:31,0
LF:6
LH:1
BRF:0
BRH:0
end_of_record
TN:
SF:C:\Users\Waksu\source\repos\SqlDatabaseManager\SqlDatabaseManager.Web\Angular\src\app\connection\logout\logout.component.ts
FN:16,(anonymous_0)
FN:18,(anonymous_1)
FN:20,(anonymous_2)
FN:24,(anonymous_3)
FNF:4
FNH:0
FNDA:0,(anonymous_0)
FNDA:0,(anonymous_1)
FNDA:0,(anonymous_2)
FNDA:0,(anonymous_3)
DA:13,1
DA:16,0
DA:19,0
DA:20,0
DA:25,0
LF:5
LH:1
BRF:0
BRH:0
end_of_record
TN:
SF:C:\Users\Waksu\source\repos\SqlDatabaseManager\SqlDatabaseManager.Web\Angular\src\app\database\database.component.ts
FNF:0
FNH:0
DA:8,1
LF:1
LH:1
BRF:0
BRH:0
end_of_record
TN:
SF:C:\Users\Waksu\source\repos\SqlDatabaseManager\SqlDatabaseManager.Web\Angular\src\app\database\database-server-explorer\database-server-explorer.component.ts
FNF:0
FNH:0
DA:8,1
LF:1
LH:1
BRF:0
BRH:0
end_of_record
TN:
SF:C:\Users\Waksu\source\repos\SqlDatabaseManager\SqlDatabaseManager.Web\Angular\src\app\database\database-server-explorer\database-server-explorer.service.mock.ts
FN:24,(anonymous_0)
FN:28,(anonymous_1)
FN:32,(anonymous_2)
FNF:3
FNH:2
FNDA:2,(anonymous_0)
FNDA:2,(anonymous_1)
FNDA:0,(anonymous_2)
DA:8,2
DA:16,2
DA:25,2
DA:29,2
DA:33,0
LF:5
LH:4
BRF:0
BRH:0
end_of_record
TN:
SF:C:\Users\Waksu\source\repos\SqlDatabaseManager\SqlDatabaseManager.Web\Angular\src\app\database\database-server-explorer\database-server-explorer.service.ts
FN:16,(anonymous_0)
FN:18,(anonymous_1)
FN:25,(anonymous_2)
FNF:3
FNH:1
FNDA:2,(anonymous_0)
FNDA:0,(anonymous_1)
FNDA:0,(anonymous_2)
DA:15,1
DA:16,2
DA:19,0
DA:20,0
DA:22,0
DA:26,0
DA:27,0
DA:29,0
LF:8
LH:2
BRF:0
BRH:0
end_of_record
TN:
SF:C:\Users\Waksu\source\repos\SqlDatabaseManager\SqlDatabaseManager.Web\Angular\src\app\database\database-server-explorer\database-explorer\database-explorer.component.ts
FN:17,(anonymous_0)
FN:19,(anonymous_1)
FNF:2
FNH:2
FNDA:2,(anonymous_0)
FNDA:2,(anonymous_1)
DA:12,1
DA:17,2
DA:20,2
DA:21,2
LF:4
LH:4
BRF:0
BRH:0
end_of_record
TN:
SF:C:\Users\Waksu\source\repos\SqlDatabaseManager\SqlDatabaseManager.Web\Angular\src\app\database\database-server-explorer\database-explorer\table-explorer\table-explorer.component.ts
FN:18,(anonymous_0)
FN:20,(anonymous_1)
FNF:2
FNH:0
FNDA:0,(anonymous_0)
FNDA:0,(anonymous_1)
DA:13,1
DA:16,1
DA:18,0
DA:21,0
LF:4
LH:2
BRF:0
BRH:0
end_of_record
TN:
SF:C:\Users\Waksu\source\repos\SqlDatabaseManager\SqlDatabaseManager.Web\Angular\src\app\shared-kernel\api-endpoint-constants.helper.ts
FNF:0
FNH:0
LF:0
LH:0
BRF:0
BRH:0
end_of_record
TN:
SF:C:\Users\Waksu\source\repos\SqlDatabaseManager\SqlDatabaseManager.Web\Angular\src\app\shared-kernel\api.helper.ts
FN:1,apiUrl
FNF:1
FNH:0
FNDA:0,apiUrl
DA:2,0
LF:1
LH:0
BRF:0
BRH:0
end_of_record
